info it worked if it ends with ok
verbose cli [ 'node',
verbose cli   '/home/mklaus/.nvm/v0.6.11/bin/npm',
verbose cli   'install',
verbose cli   '-g',
verbose cli   'webhookit' ]
info using npm@1.1.1
info using node@v0.6.11
verbose /home/mklaus/.nvm/v0.6.11/bin/node node symlink
verbose config file /home/mklaus/.npmrc
verbose config file /home/mklaus/.nvm/v0.6.11/etc/npmrc
verbose config file /srv/data/home/mklaus/.nvm/v0.6.11/lib/node_modules/npm/npmrc
verbose cache add [ 'webhookit', null ]
silly cache add: name, spec, args [ undefined, 'webhookit', [ 'webhookit', null ] ]
verbose parsed url { pathname: 'webhookit', path: 'webhookit', href: 'webhookit' }
verbose addNamed [ 'webhookit', '' ]
verbose addNamed [ null, '' ]
silly name, range, hasData [ 'webhookit', '', false ]
verbose raw, before any munging webhookit
verbose url resolving [ 'https://registry.npmjs.org/', './webhookit' ]
verbose url resolved https://registry.npmjs.org/webhookit
http GET https://registry.npmjs.org/webhookit
http 404 https://registry.npmjs.org/webhookit
silly get cb [ 404,
silly get cb   { server: 'CouchDB/1.2.0 (Erlang OTP/R15B)',
silly get cb     date: 'Sun, 18 Mar 2012 12:31:00 GMT',
silly get cb     'content-type': 'application/json',
silly get cb     'content-length': '52',
silly get cb     'cache-control': 'must-revalidate' } ]
ERR! 404 'webhookit' is not in the npm registry.
ERR! 404 You should bug the author to publish it
ERR! 404 Note that you can also install from a
ERR! 404 tarball, folder, or http url, or git url.
ERR! 
ERR! System Linux 2.6.32-40-generic
ERR! command "node" "/home/mklaus/.nvm/v0.6.11/bin/npm" "install" "-g" "webhookit"
ERR! cwd /srv/Data/home/mklaus/Projects/TextProcessing/lib/lumix/batch
ERR! node -v v0.6.11
ERR! npm -v 1.1.1
ERR! code E404
ERR! message 404 Not Found: webhookit
ERR! errno {}
verbose exit [ 1, true ]
